java.nio.InvalidMarkException
        at java.nio.Buffer.reset(Buffer.java:298)
        at org.apache.mina.core.buffer.AbstractIoBuffer.reset(AbstractIoBuffer.java:414)
        at org.apache.mina.core.polling.AbstractPollingIoProcessor.writeBuffer(AbstractPollingIoProcessor.java:945)
        at org.apache.mina.core.polling.AbstractPollingIoProcessor.flushNow(AbstractPollingIoProcessor.java:861)
        at org.apache.mina.core.polling.AbstractPollingIoProcessor.flush(AbstractPollingIoProcessor.java:789)
        at org.apache.mina.core.polling.AbstractPollingIoProcessor.access$700(AbstractPollingIoProcessor.java:67)
        at org.apache.mina.core.polling.AbstractPollingIoProcessor$Processor.run(AbstractPollingIoProcessor.java:1129)
        at org.apache.mina.util.NamePreservingRunnable.run(NamePreservingRunnable.java:64)
        at java.util.concurrent.ThreadPoolExecutor.runWorker(ThreadPoolExecutor.java:1145)
        at java.util.concurrent.ThreadPoolExecutor$Worker.run(ThreadPoolExecutor.java:615)
        at java.lang.Thread.run(Thread.java:745)
java.lang.ArrayIndexOutOfBoundsException: -1
        at java.util.ArrayList.elementData(ArrayList.java:400)
        at java.util.ArrayList.get(ArrayList.java:413)
        at com.happyhouse.servers.ts.taslet.talk.PP_ROOM008_QueryAllMyRoomInfoListTaslet.process(PP_ROOM008_QueryAllMyRoomInfoListTaslet.java:128)
        at com.happyhouse.servers.ts.taslet.TasletAbstract.execute(TasletAbstract.java:78)
        at com.happyhouse.servers.ts.taslet.talk.PP_ROOM008_QueryAllMyRoomInfoListTaslet.execute(PP_ROOM008_QueryAllMyRoomInfoListTaslet.java:52)
        at com.happyhouse.servers.ts.controller.TalkRestController.executeTaslet(TalkRestController.java:71)
        at com.happyhouse.servers.ts.controller.TalkRestController.talk(TalkRestController.java:47)
        at sun.reflect.GeneratedMethodAccessor159.invoke(Unknown Source)
        at sun.reflect.DelegatingMethodAccessorImpl.invoke(DelegatingMethodAccessorImpl.java:43)
        at java.lang.reflect.Method.invoke(Method.java:606)
        at org.springframework.web.method.support.InvocableHandlerMethod.doInvoke(InvocableHandlerMethod.java:205)
        at org.springframework.web.method.support.InvocableHandlerMethod.invokeForRequest(InvocableHandlerMethod.java:133)
        at org.springframework.web.servlet.mvc.method.annotation.ServletInvocableHandlerMethod.invokeAndHandle(ServletInvocableHandlerMethod.java:97)
        at org.springframework.web.servlet.mvc.method.annotation.RequestMappingHandlerAdapter.invokeHandlerMethod(RequestMappingHandlerAdapter.java:854)
        at org.springframework.web.servlet.mvc.method.annotation.RequestMappingHandlerAdapter.handleInternal(RequestMappingHandlerAdapter.java:765)
        at org.springframework.web.servlet.mvc.method.AbstractHandlerMethodAdapter.handle(AbstractHandlerMethodAdapter.java:85)
        at org.springframework.web.servlet.DispatcherServlet.doDispatch(DispatcherServlet.java:967)
        at org.springframework.web.servlet.DispatcherServlet.doService(DispatcherServlet.java:901)
        at org.springframework.web.servlet.FrameworkServlet.processRequest(FrameworkServlet.java:970)
        at org.springframework.web.servlet.FrameworkServlet.doPost(FrameworkServlet.java:872)
        at javax.servlet.http.HttpServlet.service(HttpServlet.java:661)
        at org.springframework.web.servlet.FrameworkServlet.service(FrameworkServlet.java:846)
        at javax.servlet.http.HttpServlet.service(HttpServlet.java:742)
        at org.apache.catalina.core.ApplicationFilterChain.internalDoFilter(ApplicationFilterChain.java:231)
        at org.apache.catalina.core.ApplicationFilterChain.doFilter(ApplicationFilterChain.java:166)
        at org.apache.tomcat.websocket.server.WsFilter.doFilter(WsFilter.java:52)
        at org.apache.catalina.core.ApplicationFilterChain.internalDoFilter(ApplicationFilterChain.java:193)
        at org.apache.catalina.core.ApplicationFilterChain.doFilter(ApplicationFilterChain.java:166)
        at org.springframework.security.web.FilterChainProxy.doFilterInternal(FilterChainProxy.java:208)
        at org.springframework.security.web.FilterChainProxy.doFilter(FilterChainProxy.java:177)
        at org.springframework.web.filter.DelegatingFilterProxy.invokeDelegate(DelegatingFilterProxy.java:347)
        at org.springframework.web.filter.DelegatingFilterProxy.doFilter(DelegatingFilterProxy.java:263)
        at org.apache.catalina.core.ApplicationFilterChain.internalDoFilter(ApplicationFilterChain.java:193)
        at org.apache.catalina.core.ApplicationFilterChain.doFilter(ApplicationFilterChain.java:166)
        at org.springframework.web.filter.CharacterEncodingFilter.doFilterInternal(CharacterEncodingFilter.java:197)
        at org.springframework.web.filter.OncePerRequestFilter.doFilter(OncePerRequestFilter.java:107)
        at org.apache.catalina.core.ApplicationFilterChain.internalDoFilter(ApplicationFilterChain.java:193)
        at org.apache.catalina.core.ApplicationFilterChain.doFilter(ApplicationFilterChain.java:166)
        at org.apache.catalina.core.StandardWrapperValve.invoke(StandardWrapperValve.java:199)
        at org.apache.catalina.core.StandardContextValve.invoke(StandardContextValve.java:96)
        at org.apache.catalina.authenticator.AuthenticatorBase.invoke(AuthenticatorBase.java:493)
        at org.apache.catalina.core.StandardHostValve.invoke(StandardHostValve.java:137)
        at org.apache.catalina.valves.ErrorReportValve.invoke(ErrorReportValve.java:81)
        at org.apache.catalina.core.StandardEngineValve.invoke(StandardEngineValve.java:87)
        at org.apache.catalina.connector.CoyoteAdapter.service(CoyoteAdapter.java:343)
        at org.apache.coyote.http11.Http11Processor.service(Http11Processor.java:798)
        at org.apache.coyote.AbstractProcessorLight.process(AbstractProcessorLight.java:66)
        at org.apache.coyote.AbstractProtocol$ConnectionHandler.process(AbstractProtocol.java:806)
        at org.apache.tomcat.util.net.NioEndpoint$SocketProcessor.doRun(NioEndpoint.java:1498)
        at org.apache.tomcat.util.net.SocketProcessorBase.run(SocketProcessorBase.java:49)
        at java.util.concurrent.ThreadPoolExecutor.runWorker(ThreadPoolExecutor.java:1145)
        at java.util.concurrent.ThreadPoolExecutor$Worker.run(ThreadPoolExecutor.java:615)
        at org.apache.tomcat.util.threads.TaskThread$WrappingRunnable.run(TaskThread.java:61)
        at java.lang.Thread.run(Thread.java:745)
java.lang.NullPointerException
        at com.happyhouse.servers.ts.service.SedaService.onUpdateToRead(SedaService.java:345)
        at sun.reflect.GeneratedMethodAccessor136.invoke(Unknown Source)
        at sun.reflect.DelegatingMethodAccessorImpl.invoke(DelegatingMethodAccessorImpl.java:43)
        at java.lang.reflect.Method.invoke(Method.java:606)
        at org.apache.camel.component.bean.MethodInfo.invoke(MethodInfo.java:408)
        at org.apache.camel.component.bean.MethodInfo$1.doProceed(MethodInfo.java:279)
        at org.apache.camel.component.bean.MethodInfo$1.proceed(MethodInfo.java:252)
        at org.apache.camel.component.bean.BeanProcessor.process(BeanProcessor.java:177)
        at org.apache.camel.util.AsyncProcessorHelper.process(AsyncProcessorHelper.java:109)
        at org.apache.camel.component.bean.BeanProcessor.process(BeanProcessor.java:68)
        at org.apache.camel.component.bean.BeanProducer.process(BeanProducer.java:38)
        at org.apache.camel.processor.SendProcessor.process(SendProcessor.java:145)
        at org.apache.camel.management.InstrumentationProcessor.process(InstrumentationProcessor.java:77)
        at org.apache.camel.processor.RedeliveryErrorHandler.process(RedeliveryErrorHandler.java:468)
        at org.apache.camel.processor.CamelInternalProcessor.process(CamelInternalProcessor.java:197)
        at org.apache.camel.processor.CamelInternalProcessor.process(CamelInternalProcessor.java:197)
        at org.apache.camel.component.seda.SedaConsumer.sendToConsumers(SedaConsumer.java:298)
        at org.apache.camel.component.seda.SedaConsumer.doRun(SedaConsumer.java:207)
        at org.apache.camel.component.seda.SedaConsumer.run(SedaConsumer.java:154)
        at java.util.concurrent.ThreadPoolExecutor.runWorker(ThreadPoolExecutor.java:1145)
        at java.util.concurrent.ThreadPoolExecutor$Worker.run(ThreadPoolExecutor.java:615)
        at java.lang.Thread.run(Thread.java:745)
org.springframework.jdbc.UncategorizedSQLException:
### Error updating database.  Cause: java.sql.SQLException: Incorrect string value: '\xF0\x9F\x99\x84' for column 'message' at row 1
### The error may involve com.happyhouse.servers.ts.dao.TalkDao.addTalkLog-Inline
### The error occurred while setting parameters
### SQL: INSERT INTO mPBT_TALK_LOGS  (      msgID    , userIdnfr    , userName    , position    , department    , pushGroupKey    , roomid    , tId    , recvUserIdnfr         , msgType    , sticker    , message                      , deleteYN    , serverID    , pushSendState    , regdate    , readCnt    , extJsonStr   ) SELECT      ?    , ?    , ?    , ?    , ?    , ?    , ?    , ?    , ?         , ?    , ?    , ?                       , 'N'    , ?    , ?    , STR_TO_DATE(?, '%Y-%m-%d %H:%i:%s:%f')          , ?              , ?   FROM DUAL   WHERE NOT EXISTS (    SELECT 1    FROM mPBT_TALK_LOGS    WHERE roomid = ?      AND tid = ?     AND tid <> 0   )
### Cause: java.sql.SQLException: Incorrect string value: '\xF0\x9F\x99\x84' for column 'message' at row 1
; uncategorized SQLException for SQL []; SQL state [HY000]; error code [1366]; Incorrect string value: '\xF0\x9F\x99\x84' for column 'message' at row 1; nested exception is java.sql.SQLException: Incorrect string value: '\xF0\x9F\x99\x84' for column 'message' at row 1
        at org.springframework.jdbc.support.AbstractFallbackSQLExceptionTranslator.translate(AbstractFallbackSQLExceptionTranslator.java:90)
        at org.springframework.jdbc.support.AbstractFallbackSQLExceptionTranslator.translate(AbstractFallbackSQLExceptionTranslator.java:82)
        at org.springframework.jdbc.support.AbstractFallbackSQLExceptionTranslator.translate(AbstractFallbackSQLExceptionTranslator.java:82)
        at org.mybatis.spring.MyBatisExceptionTranslator.translateExceptionIfPossible(MyBatisExceptionTranslator.java:73)
        at org.mybatis.spring.SqlSessionTemplate$SqlSessionInterceptor.invoke(SqlSessionTemplate.java:446)
        at com.sun.proxy.$Proxy78.insert(Unknown Source)
        at org.mybatis.spring.SqlSessionTemplate.insert(SqlSessionTemplate.java:278)
        at org.apache.ibatis.binding.MapperMethod.execute(MapperMethod.java:58)
        at org.apache.ibatis.binding.MapperProxy.invoke(MapperProxy.java:59)
        at com.sun.proxy.$Proxy82.addTalkLog(Unknown Source)
        at com.happyhouse.servers.ts.service.SedaService.onInsertTalkLog(SedaService.java:179)
        at sun.reflect.GeneratedMethodAccessor134.invoke(Unknown Source)
        at sun.reflect.DelegatingMethodAccessorImpl.invoke(DelegatingMethodAccessorImpl.java:43)
        at java.lang.reflect.Method.invoke(Method.java:606)
        at org.apache.camel.component.bean.MethodInfo.invoke(MethodInfo.java:408)
        at org.apache.camel.component.bean.MethodInfo$1.doProceed(MethodInfo.java:279)
        at org.apache.camel.component.bean.MethodInfo$1.proceed(MethodInfo.java:252)
        at org.apache.camel.component.bean.BeanProcessor.process(BeanProcessor.java:177)
        at org.apache.camel.util.AsyncProcessorHelper.process(AsyncProcessorHelper.java:109)
        at org.apache.camel.component.bean.BeanProcessor.process(BeanProcessor.java:68)
        at org.apache.camel.component.bean.BeanProducer.process(BeanProducer.java:38)
        at org.apache.camel.processor.SendProcessor.process(SendProcessor.java:145)
        at org.apache.camel.management.InstrumentationProcessor.process(InstrumentationProcessor.java:77)
        at org.apache.camel.processor.RedeliveryErrorHandler.process(RedeliveryErrorHandler.java:468)
        at org.apache.camel.processor.CamelInternalProcessor.process(CamelInternalProcessor.java:197)
        at org.apache.camel.processor.CamelInternalProcessor.process(CamelInternalProcessor.java:197)
        at org.apache.camel.component.seda.SedaConsumer.sendToConsumers(SedaConsumer.java:298)
        at org.apache.camel.component.seda.SedaConsumer.doRun(SedaConsumer.java:207)
        at org.apache.camel.component.seda.SedaConsumer.run(SedaConsumer.java:154)
        at java.util.concurrent.ThreadPoolExecutor.runWorker(ThreadPoolExecutor.java:1145)
        at java.util.concurrent.ThreadPoolExecutor$Worker.run(ThreadPoolExecutor.java:615)
        at java.lang.Thread.run(Thread.java:745)
Caused by: java.sql.SQLException: Incorrect string value: '\xF0\x9F\x99\x84' for column 'message' at row 1
        at com.mysql.jdbc.SQLError.createSQLException(SQLError.java:965)
        at com.mysql.jdbc.MysqlIO.checkErrorPacket(MysqlIO.java:3978)
        at com.mysql.jdbc.MysqlIO.checkErrorPacket(MysqlIO.java:3914)
        at com.mysql.jdbc.MysqlIO.sendCommand(MysqlIO.java:2530)
        at com.mysql.jdbc.MysqlIO.sqlQueryDirect(MysqlIO.java:2683)
        at com.mysql.jdbc.ConnectionImpl.execSQL(ConnectionImpl.java:2495)
        at com.mysql.jdbc.PreparedStatement.executeInternal(PreparedStatement.java:1903)
        at com.mysql.jdbc.PreparedStatement.execute(PreparedStatement.java:1242)
        at net.sf.log4jdbc.sql.jdbcapi.PreparedStatementSpy.execute(PreparedStatementSpy.java:443)
        at sun.reflect.GeneratedMethodAccessor57.invoke(Unknown Source)
        at sun.reflect.DelegatingMethodAccessorImpl.invoke(DelegatingMethodAccessorImpl.java:43)
        at java.lang.reflect.Method.invoke(Method.java:606)
        at org.apache.tomcat.jdbc.pool.StatementFacade$StatementProxy.invoke(StatementFacade.java:114)
        at com.sun.proxy.$Proxy84.execute(Unknown Source)
        at org.apache.ibatis.executor.statement.PreparedStatementHandler.update(PreparedStatementHandler.java:46)
        at org.apache.ibatis.executor.statement.RoutingStatementHandler.update(RoutingStatementHandler.java:74)
        at org.apache.ibatis.executor.SimpleExecutor.doUpdate(SimpleExecutor.java:50)
        at org.apache.ibatis.executor.BaseExecutor.update(BaseExecutor.java:117)
        at org.apache.ibatis.session.defaults.DefaultSqlSession.update(DefaultSqlSession.java:198)
        at org.apache.ibatis.session.defaults.DefaultSqlSession.insert(DefaultSqlSession.java:185)
        at sun.reflect.GeneratedMethodAccessor132.invoke(Unknown Source)
        at sun.reflect.DelegatingMethodAccessorImpl.invoke(DelegatingMethodAccessorImpl.java:43)
        at java.lang.reflect.Method.invoke(Method.java:606)
        at org.mybatis.spring.SqlSessionTemplate$SqlSessionInterceptor.invoke(SqlSessionTemplate.java:433)
        ... 27 more
java.lang.RuntimeException: McsService Response [-212][-212]
java.lang.RuntimeException: McsService Response [-900][-900]
org.springframework.dao.CannotAcquireLockException:
### Error updating database.  Cause: com.mysql.jdbc.exceptions.jdbc4.MySQLTransactionRollbackException: Lock wait timeout exceeded; try restarting transaction
### The error may involve com.happyhouse.servers.ts.dao.TalkDao.updateReadMsg-Inline
### The error occurred while setting parameters
### SQL: UPDATE mPBT_TALK_LOGS    SET    readUserIdnfr=REPLACE( (CONCAT(IFNULL(readUserIdnfr,''),',',?,',')),',,', ',')    , readCnt=readCnt-1   WHERE (roomid=?    AND userIdnfr=?    AND tId IN     (          ?        ,         ?        ,         ?        ,         ?        ,         ?        ,         ?        ,         ?        ,         ?        ,         ?        ,         ?        ,         ?        ,         ?        ,         ?        ,         ?        ,         ?        ,         ?        ,         ?        ,         ?        ,         ?        ,         ?        ,         ?        ,         ?        ,         ?        )        AND IFNULL(readUserIdnfr,'') NOT LIKE CONCAT('%,',?,',%'))       OR       (roomid=? AND userIdnfr!=?       AND regDate > NOW(3) - INTERVAL ? DAY       AND IFNULL(readUserIdnfr,'') NOT LIKE CONCAT('%,',?,',%'))
### Cause: com.mysql.jdbc.exceptions.jdbc4.MySQLTransactionRollbackException: Lock wait timeout exceeded; try restarting transaction
; SQL []; Lock wait timeout exceeded; try restarting transaction; nested exception is com.mysql.jdbc.exceptions.jdbc4.MySQLTransactionRollbackException: Lock wait timeout exceeded; try restarting transaction
        at org.springframework.jdbc.support.SQLErrorCodeSQLExceptionTranslator.doTranslate(SQLErrorCodeSQLExceptionTranslator.java:258)
        at org.springframework.jdbc.support.AbstractFallbackSQLExceptionTranslator.translate(AbstractFallbackSQLExceptionTranslator.java:73)
        at org.mybatis.spring.MyBatisExceptionTranslator.translateExceptionIfPossible(MyBatisExceptionTranslator.java:73)
        at org.mybatis.spring.SqlSessionTemplate$SqlSessionInterceptor.invoke(SqlSessionTemplate.java:446)
        at com.sun.proxy.$Proxy78.update(Unknown Source)
        at org.mybatis.spring.SqlSessionTemplate.update(SqlSessionTemplate.java:294)
        at org.apache.ibatis.binding.MapperMethod.execute(MapperMethod.java:63)
        at org.apache.ibatis.binding.MapperProxy.invoke(MapperProxy.java:59)
        at com.sun.proxy.$Proxy82.updateReadMsg(Unknown Source)
        at com.happyhouse.servers.ts.service.SedaService.onUpdateTalkLogToRead(SedaService.java:161)
        at sun.reflect.GeneratedMethodAccessor135.invoke(Unknown Source)
        at sun.reflect.DelegatingMethodAccessorImpl.invoke(DelegatingMethodAccessorImpl.java:43)
        at java.lang.reflect.Method.invoke(Method.java:606)
        at org.apache.camel.component.bean.MethodInfo.invoke(MethodInfo.java:408)
        at org.apache.camel.component.bean.MethodInfo$1.doProceed(MethodInfo.java:279)
        at org.apache.camel.component.bean.MethodInfo$1.proceed(MethodInfo.java:252)
        at org.apache.camel.component.bean.BeanProcessor.process(BeanProcessor.java:177)
        at org.apache.camel.util.AsyncProcessorHelper.process(AsyncProcessorHelper.java:109)
        at org.apache.camel.component.bean.BeanProcessor.process(BeanProcessor.java:68)
        at org.apache.camel.component.bean.BeanProducer.process(BeanProducer.java:38)
        at org.apache.camel.processor.SendProcessor.process(SendProcessor.java:145)
        at org.apache.camel.management.InstrumentationProcessor.process(InstrumentationProcessor.java:77)
        at org.apache.camel.processor.RedeliveryErrorHandler.process(RedeliveryErrorHandler.java:468)
        at org.apache.camel.processor.CamelInternalProcessor.process(CamelInternalProcessor.java:197)
        at org.apache.camel.processor.CamelInternalProcessor.process(CamelInternalProcessor.java:197)
        at org.apache.camel.component.seda.SedaConsumer.sendToConsumers(SedaConsumer.java:298)
        at org.apache.camel.component.seda.SedaConsumer.doRun(SedaConsumer.java:207)
        at org.apache.camel.component.seda.SedaConsumer.run(SedaConsumer.java:154)
        at java.util.concurrent.ThreadPoolExecutor.runWorker(ThreadPoolExecutor.java:1145)
        at java.util.concurrent.ThreadPoolExecutor$Worker.run(ThreadPoolExecutor.java:615)
        at java.lang.Thread.run(Thread.java:745)
Caused by: com.mysql.jdbc.exceptions.jdbc4.MySQLTransactionRollbackException: Lock wait timeout exceeded; try restarting transaction
        at sun.reflect.NativeConstructorAccessorImpl.newInstance0(Native Method)
        at sun.reflect.NativeConstructorAccessorImpl.newInstance(NativeConstructorAccessorImpl.java:57)
        at sun.reflect.DelegatingConstructorAccessorImpl.newInstance(DelegatingConstructorAccessorImpl.java:45)
        at java.lang.reflect.Constructor.newInstance(Constructor.java:526)
        at com.mysql.jdbc.Util.handleNewInstance(Util.java:425)
        at com.mysql.jdbc.Util.getInstance(Util.java:408)
        at com.mysql.jdbc.SQLError.createSQLException(SQLError.java:952)
        at com.mysql.jdbc.MysqlIO.checkErrorPacket(MysqlIO.java:3978)
        at com.mysql.jdbc.MysqlIO.checkErrorPacket(MysqlIO.java:3914)
        at com.mysql.jdbc.MysqlIO.sendCommand(MysqlIO.java:2530)
        at com.mysql.jdbc.MysqlIO.sqlQueryDirect(MysqlIO.java:2683)
        at com.mysql.jdbc.ConnectionImpl.execSQL(ConnectionImpl.java:2495)
        at com.mysql.jdbc.PreparedStatement.executeInternal(PreparedStatement.java:1903)
        at com.mysql.jdbc.PreparedStatement.execute(PreparedStatement.java:1242)
        at net.sf.log4jdbc.sql.jdbcapi.PreparedStatementSpy.execute(PreparedStatementSpy.java:443)
        at sun.reflect.GeneratedMethodAccessor57.invoke(Unknown Source)
        at sun.reflect.DelegatingMethodAccessorImpl.invoke(DelegatingMethodAccessorImpl.java:43)
        at java.lang.reflect.Method.invoke(Method.java:606)
        at org.apache.tomcat.jdbc.pool.StatementFacade$StatementProxy.invoke(StatementFacade.java:114)
        at com.sun.proxy.$Proxy84.execute(Unknown Source)
        at org.apache.ibatis.executor.statement.PreparedStatementHandler.update(PreparedStatementHandler.java:46)
        at org.apache.ibatis.executor.statement.RoutingStatementHandler.update(RoutingStatementHandler.java:74)
        at org.apache.ibatis.executor.SimpleExecutor.doUpdate(SimpleExecutor.java:50)
        at org.apache.ibatis.executor.BaseExecutor.update(BaseExecutor.java:117)
        at org.apache.ibatis.session.defaults.DefaultSqlSession.update(DefaultSqlSession.java:198)
        at sun.reflect.GeneratedMethodAccessor83.invoke(Unknown Source)
        at sun.reflect.DelegatingMethodAccessorImpl.invoke(DelegatingMethodAccessorImpl.java:43)
        at java.lang.reflect.Method.invoke(Method.java:606)
        at org.mybatis.spring.SqlSessionTemplate$SqlSessionInterceptor.invoke(SqlSessionTemplate.java:433)
        ... 27 more
[2019-07-03 18:37:54][DEBUG][o.s.b.w.f.OrderedRequestContextFilter] - Cleared thread-bound request context: org.apache.catalina.connector.RequestFacade@66ac838c
java.lang.IllegalStateException: Cannot send a message when session is closed
        at org.springframework.util.Assert.state(Assert.java:70)
        at org.springframework.web.socket.sockjs.transport.session.AbstractSockJsSession.sendMessage(AbstractSockJsSession.java:160)
        at com.happyhouse.servers.ps.service.PushService$PrivatePushService.push(PushService.java:264)
        at com.happyhouse.servers.ps.service.PushService.pushItem(PushService.java:66)
        at com.happyhouse.servers.ps.service.PrivatePushService.push(PrivatePushService.java:105)
        at com.happyhouse.servers.ps.service.PushItemServiceHandler.handler(PushItemServiceHandler.java:166)
        at com.happyhouse.servers.ps.service.MessageDirector.handleByPushType(MessageDirector.java:214)
        at com.happyhouse.servers.ps.service.MessageDirector.director(MessageDirector.java:186)
        at com.happyhouse.servers.ps.repository.queue.listener.RestfulPushItemListBackgroundQueueItemListener.handler(RestfulPushItemListBackgroundQueueItemListener.java:85)
        at com.happyhouse.servers.ps.repository.queue.listener.RestfulPushItemListBackgroundQueueItemListener.run(RestfulPushItemListBackgroundQueueItemListener.java:54)
        at java.util.concurrent.ThreadPoolExecutor.runWorker(ThreadPoolExecutor.java:1145)
        at java.util.concurrent.ThreadPoolExecutor$Worker.run(ThreadPoolExecutor.java:615)
        at java.lang.Thread.run(Thread.java:745)
[2019-07-04 16:20:23][INFO ][c.h.s.p.s.w.WebSocketTasHandler] -
==========================================================
##### Inbound Message from [WebSocket Client] #####
==========================================================
{
  "platform-header" : {
    "VERSION" : "PHV102",
    "APPLICATION_ID" : "PPSE",
    "MESSAGE_ID" : "M00000004",
    "SESSION_ID" : 0,
    "TRANSACTION_ID" : 1553440026465,
    "SERVICE_ID" : 0,
    "IMEI" : "00000000000000000000",
    "WIFI_MAC" : "309C23E240EE",
    "MSISDN" : "309C23E240EE",
    "MODEL_NO" : "PC",
    "ISP_NAME" : "000000000",
    "OS_TYPE" : "X",
    "OS_VERSION" : "00000000000000000000",
    "UUID" : "000000000000000000000000",
    "BODY_TYPE" : 1,
    "STATUS_CODE" : 0,
    "HEADER_LENGTH" : 2,
    "BODY_LENGTH" : 0
  },
  "header" : {
    "status" : 0
  },
  "body" : {
    "serviceId" : "TPS",
    "auth" : "c6d31ab9c9505f0a525a5e3e095dcf7d66b6259d6f7570f2b093475f575af79a",
    "pushKey" : "ps.wmp-32632f2e2b7c4907ae0e932035effa21X",
    "gcmPushKey" : "",
    "apnsPushKey" : "null"
  }
}
[2019-07-04 16:20:23][INFO ][c.h.s.p.s.w.WebSocketTasHandler] - Disconnected : /10.105.253.11:50734 CloseStatus[code=1011, reason=null]
[2019-07-04 16:20:23][ERROR][o.s.w.s.h.ExceptionWebSocketHandlerDecorator] - Closing session due to exception for WebSocketServerSockJsSession[id=yxdwhtvu]
java.lang.RuntimeException: org.springframework.web.socket.sockjs.SockJsTransportFailureException: Failed to write SockJsFrame content='a["{\"platform-header\":{\"VERSION\":\"PHV102\",\"APPLICATION_ID\":\"PPSE\",\"ME...(truncated)'; nested exception is java.lang.IllegalStateException: The remote endpoint was in state [TEXT_PARTIAL_WRITING] which is an invalid state for called method
        at com.happyhouse.servers.ps.service.websocket.WebSocketTasHandler.handleTextMessage(WebSocketTasHandler.java:52)
        at org.springframework.web.socket.handler.AbstractWebSocketHandler.handleMessage(AbstractWebSocketHandler.java:43)
        at org.springframework.web.socket.handler.WebSocketHandlerDecorator.handleMessage(WebSocketHandlerDecorator.java:75)
        at org.springframework.web.socket.handler.LoggingWebSocketHandlerDecorator.handleMessage(LoggingWebSocketHandlerDecorator.java:56)
        at org.springframework.web.socket.handler.ExceptionWebSocketHandlerDecorator.handleMessage(ExceptionWebSocketHandlerDecorator.java:58)
        at org.springframework.web.socket.sockjs.transport.session.AbstractSockJsSession.delegateMessages(AbstractSockJsSession.java:380)
        at org.springframework.web.socket.sockjs.transport.session.WebSocketServerSockJsSession.handleMessage(WebSocketServerSockJsSession.java:194)
        at org.springframework.web.socket.sockjs.transport.handler.SockJsWebSocketHandler.handleTextMessage(SockJsWebSocketHandler.java:92)
        at org.springframework.web.socket.handler.AbstractWebSocketHandler.handleMessage(AbstractWebSocketHandler.java:43)
        at org.springframework.web.socket.adapter.standard.StandardWebSocketHandlerAdapter.handleTextMessage(StandardWebSocketHandlerAdapter.java:110)
        at org.springframework.web.socket.adapter.standard.StandardWebSocketHandlerAdapter.access$000(StandardWebSocketHandlerAdapter.java:42)
        at org.springframework.web.socket.adapter.standard.StandardWebSocketHandlerAdapter$3.onMessage(StandardWebSocketHandlerAdapter.java:81)
        at org.springframework.web.socket.adapter.standard.StandardWebSocketHandlerAdapter$3.onMessage(StandardWebSocketHandlerAdapter.java:78)
        at org.apache.tomcat.websocket.WsFrameBase.sendMessageText(WsFrameBase.java:394)
        at org.apache.tomcat.websocket.server.WsFrameServer.sendMessageText(WsFrameServer.java:119)
        at org.apache.tomcat.websocket.WsFrameBase.processDataText(WsFrameBase.java:495)
        at org.apache.tomcat.websocket.WsFrameBase.processData(WsFrameBase.java:294)
        at org.apache.tomcat.websocket.WsFrameBase.processInputBuffer(WsFrameBase.java:133)
        at org.apache.tomcat.websocket.server.WsFrameServer.onDataAvailable(WsFrameServer.java:82)
        at org.apache.tomcat.websocket.server.WsFrameServer.doOnDataAvailable(WsFrameServer.java:171)
        at org.apache.tomcat.websocket.server.WsFrameServer.notifyDataAvailable(WsFrameServer.java:151)
        at org.apache.tomcat.websocket.server.WsHttpUpgradeHandler.upgradeDispatch(WsHttpUpgradeHandler.java:148)
        at org.apache.coyote.http11.upgrade.UpgradeProcessorInternal.dispatch(UpgradeProcessorInternal.java:54)
        at org.apache.coyote.AbstractProcessorLight.process(AbstractProcessorLight.java:53)
        at org.apache.coyote.AbstractProtocol$ConnectionHandler.process(AbstractProtocol.java:806)
        at org.apache.tomcat.util.net.NioEndpoint$SocketProcessor.doRun(NioEndpoint.java:1498)
        at org.apache.tomcat.util.net.SocketProcessorBase.run(SocketProcessorBase.java:49)
        at java.util.concurrent.ThreadPoolExecutor.runWorker(ThreadPoolExecutor.java:1145)
        at java.util.concurrent.ThreadPoolExecutor$Worker.run(ThreadPoolExecutor.java:615)
        at org.apache.tomcat.util.threads.TaskThread$WrappingRunnable.run(TaskThread.java:61)
        at java.lang.Thread.run(Thread.java:745)
Caused by: org.springframework.web.socket.sockjs.SockJsTransportFailureException: Failed to write SockJsFrame content='a["{\"platform-header\":{\"VERSION\":\"PHV102\",\"APPLICATION_ID\":\"PPSE\",\"ME...(truncated)'; nested exception is java.lang.IllegalStateException: The remote endpoint was in state [TEXT_PARTIAL_WRITING] which is an invalid state for called method
        at org.springframework.web.socket.sockjs.transport.session.AbstractSockJsSession.writeFrame(AbstractSockJsSession.java:335)
        at org.springframework.web.socket.sockjs.transport.session.WebSocketServerSockJsSession.sendMessageInternal(WebSocketServerSockJsSession.java:212)
        at org.springframework.web.socket.sockjs.transport.session.AbstractSockJsSession.sendMessage(AbstractSockJsSession.java:162)
        at com.happyhouse.servers.ps.service.websocket.WebSocketTasHandler.handleTextMessage(WebSocketTasHandler.java:48)
        ... 30 common frames omitted
Caused by: java.lang.IllegalStateException: The remote endpoint was in state [TEXT_PARTIAL_WRITING] which is an invalid state for called method
        at org.apache.tomcat.websocket.WsRemoteEndpointImplBase$StateMachine.checkState(WsRemoteEndpointImplBase.java:1228)
        at org.apache.tomcat.websocket.WsRemoteEndpointImplBase$StateMachine.textPartialStart(WsRemoteEndpointImplBase.java:1186)
        at org.apache.tomcat.websocket.WsRemoteEndpointImplBase.sendPartialString(WsRemoteEndpointImplBase.java:222)
        at org.apache.tomcat.websocket.WsRemoteEndpointBasic.sendText(WsRemoteEndpointBasic.java:49)
        at org.springframework.web.socket.adapter.standard.StandardWebSocketSession.sendTextMessage(StandardWebSocketSession.java:203)
        at org.springframework.web.socket.adapter.AbstractWebSocketSession.sendMessage(AbstractWebSocketSession.java:101)
        at org.springframework.web.socket.sockjs.transport.session.WebSocketServerSockJsSession.writeFrameInternal(WebSocketServerSockJsSession.java:222)
        at org.springframework.web.socket.sockjs.transport.session.AbstractSockJsSession.writeFrame(AbstractSockJsSession.java:318)
        ... 33 common frames omitted
org.springframework.web.socket.sockjs.SockJsMessageDeliveryException: Failed to deliver message(s) [JSON]......
        at org.springframework.web.socket.sockjs.transport.session.AbstractSockJsSession.delegateMessages(AbstractSockJsSession.java:385)
        at org.springframework.web.socket.sockjs.transport.session.WebSocketServerSockJsSession.handleMessage(WebSocketServerSockJsSession.java:194)
        at org.springframework.web.socket.sockjs.transport.handler.SockJsWebSocketHandler.handleTextMessage(SockJsWebSocketHandler.java:92)
        at org.springframework.web.socket.handler.AbstractWebSocketHandler.handleMessage(AbstractWebSocketHandler.java:43)
        at org.springframework.web.socket.adapter.standard.StandardWebSocketHandlerAdapter.handleTextMessage(StandardWebSocketHandlerAdapter.java:110)
        at org.springframework.web.socket.adapter.standard.StandardWebSocketHandlerAdapter.access$000(StandardWebSocketHandlerAdapter.java:42)
        at org.springframework.web.socket.adapter.standard.StandardWebSocketHandlerAdapter$3.onMessage(StandardWebSocketHandlerAdapter.java:81)
        at org.springframework.web.socket.adapter.standard.StandardWebSocketHandlerAdapter$3.onMessage(StandardWebSocketHandlerAdapter.java:78)
        at org.apache.tomcat.websocket.WsFrameBase.sendMessageText(WsFrameBase.java:394)
        at org.apache.tomcat.websocket.server.WsFrameServer.sendMessageText(WsFrameServer.java:119)
        at org.apache.tomcat.websocket.WsFrameBase.processDataText(WsFrameBase.java:495)
        at org.apache.tomcat.websocket.WsFrameBase.processData(WsFrameBase.java:294)
        at org.apache.tomcat.websocket.WsFrameBase.processInputBuffer(WsFrameBase.java:133)
        at org.apache.tomcat.websocket.server.WsFrameServer.onDataAvailable(WsFrameServer.java:82)
        at org.apache.tomcat.websocket.server.WsFrameServer.doOnDataAvailable(WsFrameServer.java:171)
        at org.apache.tomcat.websocket.server.WsFrameServer.notifyDataAvailable(WsFrameServer.java:151)
        at org.apache.tomcat.websocket.server.WsHttpUpgradeHandler.upgradeDispatch(WsHttpUpgradeHandler.java:148)
        at org.apache.coyote.http11.upgrade.UpgradeProcessorInternal.dispatch(UpgradeProcessorInternal.java:54)
        at org.apache.coyote.AbstractProcessorLight.process(AbstractProcessorLight.java:53)
        at org.apache.coyote.AbstractProtocol$ConnectionHandler.process(AbstractProtocol.java:806)
        at org.apache.tomcat.util.net.NioEndpoint$SocketProcessor.doRun(NioEndpoint.java:1498)
        at org.apache.tomcat.util.net.SocketProcessorBase.run(SocketProcessorBase.java:49)
        at java.util.concurrent.ThreadPoolExecutor.runWorker(ThreadPoolExecutor.java:1145)
        at java.util.concurrent.ThreadPoolExecutor$Worker.run(ThreadPoolExecutor.java:615)
        at org.apache.tomcat.util.threads.TaskThread$WrappingRunnable.run(TaskThread.java:61)
        at java.lang.Thread.run(Thread.java:745)
